[2026-03-01 11:26:34.193] [debug] Election timeout: 6000ms
[2026-03-01 11:26:34.193] [info] Cluster peers:
[2026-03-01 11:26:34.193] [info] 127.0.0.1:8001
[2026-03-01 11:26:34.193] [info] 127.0.0.1:8000
[2026-03-01 11:26:34.193] [warning] --------------------------------total_nodes_count_: 1
[2026-03-01 11:26:34.203] [info] ------------------------------------Raft node 2 started on 127.0.0.1:8002------------------------------------
[2026-03-01 11:26:34.203] [debug] Raft node 2 initialized on 127.0.0.1:8002
[2026-03-01 11:26:34.205] [info] ------------------------------client runing ----------------------------
[2026-03-01 11:26:34.209] [info] 连接成功: 127.0.0.1:8001
[2026-03-01 11:26:34.209] [debug] Connected to peer: 127.0.0.1:8001
[2026-03-01 11:26:34.209] [info] 连接成功: 127.0.0.1:8000
[2026-03-01 11:26:34.209] [debug] Connected to peer: 127.0.0.1:8000
[2026-03-01 11:26:34.209] [info] ------------------------------------Into run_election_timeout------------------------------------
[2026-03-01 11:26:37.727] [debug] Node 2 received vote request: term=1, candidateId=0, lastLogIndex=-1, lastLogTerm=0
[2026-03-01 11:26:37.727] [debug] Node 2 discovered higher term 1 in vote request, becoming follower.
[2026-03-01 11:26:37.727] [error] Node 2 became follower at term 1
[2026-03-01 11:26:37.727] [debug] Node 2 granted vote to node 0 for term 1.
[2026-03-01 11:26:37.728] [debug] Node 2: AppendEntries successful, added 0 entries.  from node 0
[2026-03-01 11:26:38.346] [debug] Node 2: AppendEntries successful, added 0 entries.  from node 0
[2026-03-01 11:26:38.965] [debug] Node 2: AppendEntries successful, added 0 entries.  from node 0
[2026-03-01 11:26:39.586] [debug] Node 2: AppendEntries successful, added 0 entries.  from node 0
[2026-03-01 11:26:40.205] [debug] Node 2: AppendEntries successful, added 0 entries.  from node 0
[2026-03-01 11:26:40.825] [debug] Node 2: AppendEntries successful, added 0 entries.  from node 0
[2026-03-01 11:26:41.450] [debug] Node 2: AppendEntries successful, added 0 entries.  from node 0
[2026-03-01 11:26:42.069] [debug] Node 2: AppendEntries successful, added 0 entries.  from node 0
[2026-03-01 11:26:42.690] [debug] Node 2: AppendEntries successful, added 0 entries.  from node 0
[2026-03-01 11:26:43.308] [debug] Node 2: AppendEntries successful, added 0 entries.  from node 0
[2026-03-01 11:26:43.927] [debug] Node 2: AppendEntries successful, added 0 entries.  from node 0
[2026-03-01 11:26:44.545] [debug] Node 2: AppendEntries successful, added 0 entries.  from node 0
[2026-03-01 11:26:45.164] [debug] Node 2: AppendEntries successful, added 0 entries.  from node 0
[2026-03-01 11:26:45.782] [debug] Node 2: AppendEntries successful, added 0 entries.  from node 0
[2026-03-01 11:26:46.402] [debug] Node 2: AppendEntries successful, added 0 entries.  from node 0
[2026-03-01 11:26:47.033] [debug] Node 2: AppendEntries successful, added 0 entries.  from node 0
[2026-03-01 11:26:47.651] [debug] Node 2: AppendEntries successful, added 0 entries.  from node 0
[2026-03-01 11:26:48.273] [debug] Node 2: AppendEntries successful, added 0 entries.  from node 0
[2026-03-01 11:26:48.891] [debug] Node 2: AppendEntries successful, added 0 entries.  from node 0
[2026-03-01 11:26:49.510] [debug] Node 2: AppendEntries successful, added 0 entries.  from node 0
[2026-03-01 11:26:50.148] [debug] Node 2: AppendEntries successful, added 0 entries.  from node 0
[2026-03-01 11:26:50.768] [debug] Node 2: AppendEntries successful, added 0 entries.  from node 0
[2026-03-01 11:26:51.392] [debug] Node 2: AppendEntries successful, added 0 entries.  from node 0
[2026-03-01 11:26:52.019] [debug] Node 2: AppendEntries successful, added 0 entries.  from node 0
[2026-03-01 11:26:52.637] [debug] Node 2: AppendEntries successful, added 0 entries.  from node 0
[2026-03-01 11:26:53.255] [debug] Node 2: AppendEntries successful, added 0 entries.  from node 0
[2026-03-01 11:26:53.874] [debug] Node 2: AppendEntries successful, added 0 entries.  from node 0
[2026-03-01 11:26:54.492] [debug] Node 2: AppendEntries successful, added 0 entries.  from node 0
[2026-03-01 11:26:55.113] [debug] Node 2: AppendEntries successful, added 0 entries.  from node 0
[2026-03-01 11:26:55.731] [debug] Node 2: AppendEntries successful, added 0 entries.  from node 0
[2026-03-01 11:26:56.349] [debug] Node 2: AppendEntries successful, added 0 entries.  from node 0
[2026-03-01 11:26:56.968] [debug] Node 2: AppendEntries successful, added 0 entries.  from node 0
[2026-03-01 11:26:57.590] [debug] Node 2: AppendEntries successful, added 0 entries.  from node 0
[2026-03-01 11:26:58.216] [debug] Node 2: AppendEntries successful, added 0 entries.  from node 0
[2026-03-01 11:26:58.845] [debug] Node 2: AppendEntries successful, added 0 entries.  from node 0
[2026-03-01 11:26:59.463] [debug] Node 2: AppendEntries successful, added 0 entries.  from node 0
[2026-03-01 11:27:01.099] [debug] Node 2: AppendEntries successful, added 0 entries.  from node 0
